[debug] [2022-08-22T21:22:24.054Z] ----------------------------------------------------------------------
[debug] [2022-08-22T21:22:24.058Z] Command:       C:\Program Files\nodejs\node.exe C:\Users\lucas\AppData\Roaming\npm\node_modules\firebase-tools\lib\bin\firebase.js init
[debug] [2022-08-22T21:22:24.058Z] CLI Version:   11.8.0
[debug] [2022-08-22T21:22:24.059Z] Platform:      win32
[debug] [2022-08-22T21:22:24.059Z] Node Version:  v16.15.1
[debug] [2022-08-22T21:22:24.060Z] Time:          Mon Aug 22 2022 18:22:24 GMT-0300 (hora estándar de Argentina)
[debug] [2022-08-22T21:22:24.061Z] ----------------------------------------------------------------------
[debug] 
[debug] [2022-08-22T21:22:24.176Z] > command requires scopes: ["email","openid","https://www.googleapis.com/auth/cloudplatformprojects.readonly","https://www.googleapis.com/auth/firebase","https://www.googleapis.com/auth/cloud-platform"]
[debug] [2022-08-22T21:22:24.177Z] > authorizing via signed-in user (lucasnortega91@gmail.com)
[info] 
     ######## #### ########  ######## ########     ###     ######  ########
     ##        ##  ##     ## ##       ##     ##  ##   ##  ##       ##
     ######    ##  ########  ######   ########  #########  ######  ######
     ##        ##  ##    ##  ##       ##     ## ##     ##       ## ##
     ##       #### ##     ## ######## ########  ##     ##  ######  ########

You're about to initialize a Firebase project in this directory:

  C:\Users\lucas\Desktop\Proyecto Final ArgentinaPrograma\Proyecto Final\proyecto_final\Frontend_proyecto

Before we get started, keep in mind:

  * You are initializing within an existing Firebase project directory

[info] 
=== Project Setup
[info] 
[info] First, let's associate this project directory with a Firebase project.
[info] You can create multiple project aliases by running firebase use --add, 
[info] but for now we'll just set up a default project.
[info] 
[debug] [2022-08-22T21:22:31.262Z] Using project from CLI flag: lucasortegaporfolio
[debug] [2022-08-22T21:22:31.267Z] >>> [apiv2][query] GET https://firebase.googleapis.com/v1beta1/projects/lucasortegaporfolio [none]
[debug] [2022-08-22T21:22:32.337Z] <<< [apiv2][status] GET https://firebase.googleapis.com/v1beta1/projects/lucasortegaporfolio 200
[debug] [2022-08-22T21:22:32.338Z] <<< [apiv2][body] GET https://firebase.googleapis.com/v1beta1/projects/lucasortegaporfolio {"projectId":"lucasortegaporfolio","projectNumber":"696915287892","displayName":"lucasortegaporfolio","name":"projects/lucasortegaporfolio","resources":{"hostingSite":"lucasortegaporfolio"},"state":"ACTIVE","etag":"1_01208a79-f4ad-4614-a14b-3675aec5b8ef"}
[info] i  Using project lucasortegaporfolio (lucasortegaporfolio) 
[info] 
=== Hosting Setup
[info] 
[info] Your public directory is the folder (relative to your project directory) that
[info] will contain Hosting assets to be uploaded with firebase deploy. If you
[info] have a build process for your assets, use your build's output directory.
[info] 
[debug] [2022-08-22T21:22:53.449Z] >>> [apiv2][query] GET https://www.gstatic.com/firebasejs/releases.json [none]
[debug] [2022-08-22T21:22:53.594Z] <<< [apiv2][status] GET https://www.gstatic.com/firebasejs/releases.json 200
[debug] [2022-08-22T21:22:53.594Z] <<< [apiv2][body] GET https://www.gstatic.com/firebasejs/releases.json {"current":{"version":"9.9.3","browserURL":"https://www.gstatic.com/firebasejs/9.9.3/firebase.js","packageURL":"https://www.gstatic.com/firebasejs/9.9.3/firebase.tgz"},"live":{"version":"9.9","browserURL":"https://www.gstatic.com/firebasejs/live/9.9/firebase.js","packageURL":"https://www.gstatic.com/firebasejs/live/9.9/firebase.tgz"},"components":{"analytics":"https://www.gstatic.com/firebasejs/9.9.3/firebase-analytics.js","app":"https://www.gstatic.com/firebasejs/9.9.3/firebase-app.js","app-check":"https://www.gstatic.com/firebasejs/9.9.3/firebase-app-check.js","auth":"https://www.gstatic.com/firebasejs/9.9.3/firebase-auth.js","auth/cordova":"https://www.gstatic.com/firebasejs/9.9.3/firebase-auth/cordova.js","auth/react-native":"https://www.gstatic.com/firebasejs/9.9.3/firebase-auth/react-native.js","functions":"https://www.gstatic.com/firebasejs/9.9.3/firebase-functions.js","firestore":"https://www.gstatic.com/firebasejs/9.9.3/firebase-firestore.js","firestore/lite":"https://www.gstatic.com/firebasejs/9.9.3/firebase-firestore/lite.js","installations":"https://www.gstatic.com/firebasejs/9.9.3/firebase-installations.js","storage":"https://www.gstatic.com/firebasejs/9.9.3/firebase-storage.js","performance":"https://www.gstatic.com/firebasejs/9.9.3/firebase-performance.js","remote-config":"https://www.gstatic.com/firebasejs/9.9.3/firebase-remote-config.js","messaging":"https://www.gstatic.com/firebasejs/9.9.3/firebase-messaging.js","messaging/sw":"https://www.gstatic.com/firebasejs/9.9.3/firebase-messaging/sw.js","database":"https://www.gstatic.com/firebasejs/9.9.3/firebase-database.js","firestore.memory":"https://www.gstatic.com/firebasejs/9.9.3/firebase-firestore.memory.js"}}
[info] +  Wrote dist/frontend-proyecto/index.html 
[info] 
[info] i  Detected a .git folder at C:\Users\lucas\Desktop\Proyecto Final ArgentinaPrograma\Proyecto Final\proyecto_final 
[info] i  Authorizing with GitHub to upload your service account to a GitHub repository's secrets store. 
[info] 
[info] Visit this URL on this device to log in:
[info] https://github.com/login/oauth/authorize?client_id=89cf50f02ac6aaed3484&state=732745040&redirect_uri=http%3A%2F%2Flocalhost%3A9005&scope=read%3Auser%20repo%20public_repo
[info] 
[info] Waiting for authentication...
[debug] [2022-08-22T21:23:07.147Z] >>> [apiv2][query] POST https://github.com/login/oauth/access_token [none]
[debug] [2022-08-22T21:23:07.147Z] >>> [apiv2][body] POST https://github.com/login/oauth/access_token [stream]
[debug] [2022-08-22T21:23:07.550Z] <<< [apiv2][status] POST https://github.com/login/oauth/access_token 200
[debug] [2022-08-22T21:23:07.550Z] <<< [apiv2][body] POST https://github.com/login/oauth/access_token {"access_token":"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","token_type":"bearer","scope":"read:user,repo"}
[debug] [2022-08-22T21:23:07.562Z] >>> [apiv2][query] GET https://api.github.com/user [none]
[debug] [2022-08-22T21:23:07.958Z] <<< [apiv2][status] GET https://api.github.com/user 200
[debug] [2022-08-22T21:23:07.958Z] <<< [apiv2][body] GET https://api.github.com/user {"login":"LucOrt91","id":103439193,"node_id":"U_kgDOBipbWQ","avatar_url":"https://avatars.githubusercontent.com/u/103439193?v=4","gravatar_id":"","url":"https://api.github.com/users/LucOrt91","html_url":"https://github.com/LucOrt91","followers_url":"https://api.github.com/users/LucOrt91/followers","following_url":"https://api.github.com/users/LucOrt91/following{/other_user}","gists_url":"https://api.github.com/users/LucOrt91/gists{/gist_id}","starred_url":"https://api.github.com/users/LucOrt91/starred{/owner}{/repo}","subscriptions_url":"https://api.github.com/users/LucOrt91/subscriptions","organizations_url":"https://api.github.com/users/LucOrt91/orgs","repos_url":"https://api.github.com/users/LucOrt91/repos","events_url":"https://api.github.com/users/LucOrt91/events{/privacy}","received_events_url":"https://api.github.com/users/LucOrt91/received_events","type":"User","site_admin":false,"name":null,"company":null,"blog":"","location":"Mendoza, Argentina","email":null,"hireable":null,"bio":null,"twitter_username":null,"public_repos":1,"public_gists":0,"followers":0,"following":0,"created_at":"2022-04-11T14:52:54Z","updated_at":"2022-07-30T01:42:35Z","private_gists":0,"total_private_repos":0,"owned_private_repos":0,"disk_usage":1775,"collaborators":0,"two_factor_authentication":false,"plan":{"name":"free","space":976562499,"collaborators":0,"private_repos":10000}}
[info] 
[info] +  Success! Logged into GitHub as LucOrt91 
[info] 
